0 info it worked if it ends with ok
1 verbose cli [ 'node', '/usr/local/bin/npm', 'publish' ]
2 info using npm@3.4.0
3 info using node@v0.10.25
4 verbose node symlink /usr/bin/node
5 verbose publish [ '.' ]
6 verbose stack Error: Failed to parse json
6 verbose stack Unexpected token 'n' at 2:5
6 verbose stack     name: "cordova-plugin-nativecamera",
6 verbose stack     ^
6 verbose stack     at parseError (/usr/local/lib/node_modules/npm/node_modules/read-package-json/read-json.js:379:11)
6 verbose stack     at parseJson (/usr/local/lib/node_modules/npm/node_modules/read-package-json/read-json.js:68:23)
6 verbose stack     at /usr/local/lib/node_modules/npm/node_modules/read-package-json/read-json.js:48:5
6 verbose stack     at /usr/local/lib/node_modules/npm/node_modules/graceful-fs/graceful-fs.js:76:16
6 verbose stack     at fs.js:268:14
6 verbose stack     at /usr/local/lib/node_modules/npm/node_modules/graceful-fs/graceful-fs.js:42:10
6 verbose stack     at Object.oncomplete (fs.js:107:15)
7 verbose cwd /home/basti/src/phonegap/plugins/phonegap-custom-camera-plugin
8 error Linux 4.2.0-27-generic
9 error argv "node" "/usr/local/bin/npm" "publish"
10 error node v0.10.25
11 error npm  v3.4.0
12 error file /home/basti/src/phonegap/plugins/phonegap-custom-camera-plugin/package.json
13 error code EJSONPARSE
14 error Failed to parse json
14 error Unexpected token 'n' at 2:5
14 error     name: "cordova-plugin-nativecamera",
14 error     ^
15 error File: /home/basti/src/phonegap/plugins/phonegap-custom-camera-plugin/package.json
16 error Failed to parse package.json data.
16 error package.json must be actual JSON, not just JavaScript.
16 error
16 error This is not a bug in npm.
16 error Tell the package author to fix their package.json file. JSON.parse
17 verbose exit [ 1, true ]
